<?xml version="1.0" encoding="UTF-8"?>
<!-- Generated by org.testng.reporters.JUnitReportReporter -->
<testsuite hostname="Dell-Inspiron-5501" failures="0" tests="1" name="createCustomer.Customer" time="0.013" errors="0" timestamp="2023-01-18T12:42:58 IST" skipped="0">
  <testcase classname="createCustomer.Customer" name="a" time="0.013"/>
  <system-out>
a  </system-out>
</testsuite> <!-- createCustomer.Customer -->
