<?xml version="1.0" encoding="UTF-8"?>
<!-- Generated by org.testng.reporters.JUnitReportReporter -->
<testsuite hostname="Dell-Inspiron-5501" failures="0" tests="1" name="createCustomer.CustomerTest" time="0.015" errors="0" timestamp="2023-01-18T13:05:10 IST" skipped="0">
  <testcase classname="createCustomer.CustomerTest" name="a" time="0.015"/>
  <system-out>
a null null  </system-out>
</testsuite> <!-- createCustomer.CustomerTest -->
